C:\Users\haupq\Desktop\Project\AgileCoder-main\agilecoder\WareHouse\latest_project_output.zip Removed.
chat_env.env_dict['product-backlog'] ['1. **User Interface (UI) Design**  ', '   - Create a simple command-line interface for the game that allows users to input their choices (rock, paper, or scissors).', '2. **Game Logic Implementation**  ', '   - Implement the core game logic that determines the winner based on user input and a randomly generated choice for the computer.', '3. **Input Validation**  ', '   - Ensure that user inputs are validated to only accept "rock", "paper", or "scissors", and provide feedback for invalid inputs.', '4. **Score Tracking**  ', '   - Implement a scoring system that keeps track of the number of wins, losses, and ties for the user over multiple rounds.', '5. **Game Loop**  ', '   - Create a loop that allows the user to play multiple rounds until they choose to exit the game.', '6. **End Game Summary**  ', '   - Provide a summary of the game results at the end, displaying the total wins, losses, and ties.', '7. **Documentation**  ', '   - Write clear documentation on how to run the game and the rules of rock-paper-scissors.']
ProductBacklogModification: Based on the comments indicating that the initial items in the product backlog have been completed, I will modify the product backlog to reflect the current status and ensure that it aligns with the customer's needs for a robust and executable rock-paper-scissors game in Python. Here is the updated product backlog:

### Updated Product Backlog:

1. **User Interface (UI) Design**  
   - Status: **Finished**  
   - Description: Create a simple command-line interface for the game that allows users to input their choices (rock, paper, or scissors).

2. **Game Logic Implementation**  
   - Status: **Finished**  
   - Description: Implement the core game logic that determines the winner based on user input and a randomly generated choice for the computer.

3. **Input Validation**  
   - Status: **Finished**  
   - Description: Ensure that user inputs are validated to only accept "rock", "paper", or "scissors", and provide feedback for invalid inputs.

4. **Score Tracking**  
   - Status: **Finished**  
   - Description: Implement a scoring system that keeps track of the number of wins, losses, and ties for the user over multiple rounds.

5. **Game Loop**  
   - Status: **Finished**  
   - Description: Create a loop that allows the user to play multiple rounds until they choose to exit the game.

6. **End Game Summary**  
   - Status: **Finished**  
   - Description: Provide a summary of the game results at the end, displaying the total wins, losses, and ties.

7. **Documentation**  
   - Status: **Finished**  
   - Description: Write clear documentation on how to run the game and the rules of rock-paper-scissors.

8. **Executable Software Packaging**  
   - Status: **To Do**  
   - Description: Package the game into an executable format that can be easily run by users without requiring them to run Python scripts directly.

9. **Testing and Quality Assurance**  
   - Status: **To Do**  
   - Description: Conduct thorough testing to ensure all game functionalities work as intended and fix any bugs that may arise.

10. **User Feedback Integration**  
    - Status: **To Do**  
    - Description: Gather user feedback after initial deployment and make necessary adjustments to improve user experience.

This updated product backlog reflects the completion of the initial tasks and outlines additional steps needed to ensure the software is executable and robust, ultimately satisfying the user's demand.
chat_env.env_dict['product-backlog'] ['1. **User Interface (UI) Design**  ', '   - Status: **Finished**  ', '   - Description: Create a simple command-line interface for the game that allows users to input their choices (rock, paper, or scissors).', '2. **Game Logic Implementation**  ', '   - Status: **Finished**  ', '   - Description: Implement the core game logic that determines the winner based on user input and a randomly generated choice for the computer.', '3. **Input Validation**  ', '   - Status: **Finished**  ', '   - Description: Ensure that user inputs are validated to only accept "rock", "paper", or "scissors", and provide feedback for invalid inputs.', '4. **Score Tracking**  ', '   - Status: **Finished**  ', '   - Description: Implement a scoring system that keeps track of the number of wins, losses, and ties for the user over multiple rounds.', '5. **Game Loop**  ', '   - Status: **Finished**  ', '   - Description: Create a loop that allows the user to play multiple rounds until they choose to exit the game.', '6. **End Game Summary**  ', '   - Status: **Finished**  ', '   - Description: Provide a summary of the game results at the end, displaying the total wins, losses, and ties.', '7. **Documentation**  ', '   - Status: **Finished**  ', '   - Description: Write clear documentation on how to run the game and the rules of rock-paper-scissors.', '8. **Executable Software Packaging**  ', '   - Status: **To Do**  ', '   - Description: Package the game into an executable format that can be easily run by users without requiring them to run Python scripts directly.', '9. **Testing and Quality Assurance**  ', '   - Status: **To Do**  ', '   - Description: Conduct thorough testing to ensure all game functionalities work as intended and fix any bugs that may arise.', '10. **User Feedback Integration**  ', '    - Status: **To Do**  ', '    - Description: Gather user feedback after initial deployment and make necessary adjustments to improve user experience.']
chat_env.env_dict['current-sprint-backlog'] ['**Executable Software Packaging**', '- Status: **To Do**', '- Description: Package the game into an executable format that can be easily run by users without requiring them to run Python scripts directly.', '**Testing and Quality Assurance**', '- Status: **To Do**', '- Description: Conduct thorough testing to ensure all game functionalities work as intended and fix any bugs that may arise.', '**User Feedback Integration**', '- Status: **To Do**', '- Description: Gather user feedback after initial deployment and make necessary adjustments to improve user experience.']
chat_env.env_dict['current-sprint-goals'] The goal of this sprint is to finalize the packaging of the Rock Paper Scissors game into an executable format and ensure that the game is thoroughly tested for quality assurance, providing a stable and user-friendly experience for the end-users.
